<?xml version="1.0" encoding="UTF-8"?>
<testng-results skipped="0" failed="0" total="1" passed="1">
  <reporter-output>
  </reporter-output>
  <suite name="Default suite" duration-ms="7110" started-at="2021-10-10T12:57:05Z" finished-at="2021-10-10T12:57:13Z">
    <groups>
    </groups>
    <test name="Default test" duration-ms="7110" started-at="2021-10-10T12:57:05Z" finished-at="2021-10-10T12:57:13Z">
      <class name="com.sddevops.coursework1.NewTestNG">
        <test-method status="PASS" signature="beforeTest()[pri:0, instance:com.sddevops.coursework1.NewTestNG@55a561cf]" name="beforeTest" is-config="true" duration-ms="2786" started-at="2021-10-10T05:57:05Z" finished-at="2021-10-10T05:57:08Z">
          <reporter-output>
          </reporter-output>
        </test-method> <!-- beforeTest -->
        <test-method status="PASS" signature="checkTitle()[pri:0, instance:com.sddevops.coursework1.NewTestNG@55a561cf]" name="checkTitle" duration-ms="2330" started-at="2021-10-10T05:57:08Z" finished-at="2021-10-10T05:57:11Z">
          <reporter-output>
          </reporter-output>
        </test-method> <!-- checkTitle -->
        <test-method status="PASS" signature="afterTest()[pri:0, instance:com.sddevops.coursework1.NewTestNG@55a561cf]" name="afterTest" is-config="true" duration-ms="1970" started-at="2021-10-10T05:57:11Z" finished-at="2021-10-10T05:57:13Z">
          <reporter-output>
          </reporter-output>
        </test-method> <!-- afterTest -->
      </class> <!-- com.sddevops.coursework1.NewTestNG -->
    </test> <!-- Default test -->
  </suite> <!-- Default suite -->
</testng-results>
