<?xml version="1.0" encoding="UTF-8"?>
<testng-results total="1" passed="1" failed="0" skipped="0">
  <reporter-output>
  </reporter-output>
  <suite started-at="2021-10-09T13:13:28Z" name="Suite" finished-at="2021-10-09T13:13:34Z" duration-ms="5827">
    <groups>
    </groups>
    <test started-at="2021-10-09T13:13:28Z" name="Test" finished-at="2021-10-09T13:13:34Z" duration-ms="5827">
      <class name="com.sddevops.coursework1.NewTestNG">
        <test-method is-config="true" signature="beforeTest()[pri:0, instance:com.sddevops.coursework1.NewTestNG@30c8681]" started-at="2021-10-09T06:13:28Z" name="beforeTest" finished-at="2021-10-09T06:13:30Z" duration-ms="2583" status="PASS">
          <reporter-output>
          </reporter-output>
        </test-method> <!-- beforeTest -->
        <test-method signature="checkTitle()[pri:0, instance:com.sddevops.coursework1.NewTestNG@30c8681]" started-at="2021-10-09T06:13:30Z" name="checkTitle" finished-at="2021-10-09T06:13:32Z" duration-ms="1453" status="PASS">
          <reporter-output>
          </reporter-output>
        </test-method> <!-- checkTitle -->
        <test-method is-config="true" signature="afterTest()[pri:0, instance:com.sddevops.coursework1.NewTestNG@30c8681]" started-at="2021-10-09T06:13:32Z" name="afterTest" finished-at="2021-10-09T06:13:34Z" duration-ms="1774" status="PASS">
          <reporter-output>
          </reporter-output>
        </test-method> <!-- afterTest -->
      </class> <!-- com.sddevops.coursework1.NewTestNG -->
    </test> <!-- Test -->
  </suite> <!-- Suite -->
</testng-results>
